[0.007s] Invoking command in '/home/ustaz/Documents/gradProject/build/bpwr': CMAKE_PREFIX_PATH=/opt/ros/humble /usr/bin/cmake /home/ustaz/Documents/gradProject/src/my_bot -DAMENT_CMAKE_SYMLINK_INSTALL=1 -DCMAKE_INSTALL_PREFIX=/home/ustaz/Documents/gradProject/install/bpwr
[0.100s] -- The C compiler identification is GNU 11.4.0
[0.185s] -- The CXX compiler identification is GNU 11.4.0
[0.191s] -- Detecting C compiler ABI info
[0.239s] -- Detecting C compiler ABI info - done
[0.244s] -- Check for working C compiler: /usr/bin/cc - skipped
[0.244s] -- Detecting C compile features
[0.245s] -- Detecting C compile features - done
[0.248s] -- Detecting CXX compiler ABI info
[0.310s] -- Detecting CXX compiler ABI info - done
[0.316s] -- Check for working CXX compiler: /usr/bin/c++ - skipped
[0.316s] -- Detecting CXX compile features
[0.316s] -- Detecting CXX compile features - done
[0.318s] -- Found ament_cmake: 1.3.12 (/opt/ros/humble/share/ament_cmake/cmake)
[0.414s] -- Found Python3: /usr/bin/python3 (found version "3.10.12") found components: Interpreter 
[0.455s] -- Override CMake install command with custom implementation using symlinks instead of copying resources
[0.473s] -- Found ament_lint_auto: 0.12.14 (/opt/ros/humble/share/ament_lint_auto/cmake)
[0.522s] -- Added test 'copyright' to check source files copyright and LICENSE
[0.524s] -- Added test 'flake8' to check Python code syntax and style conventions
[0.525s] -- Added test 'lint_cmake' to check CMake code style
[0.525s] -- Added test 'pep257' to check Python code against some of the docstring style conventions in PEP 257
[0.527s] -- Added test 'xmllint' to check XML markup files
[0.527s] -- Configuring done
[0.529s] -- Generating done
[0.530s] -- Build files have been written to: /home/ustaz/Documents/gradProject/build/bpwr
[0.533s] Invoked command in '/home/ustaz/Documents/gradProject/build/bpwr' returned '0': CMAKE_PREFIX_PATH=/opt/ros/humble /usr/bin/cmake /home/ustaz/Documents/gradProject/src/my_bot -DAMENT_CMAKE_SYMLINK_INSTALL=1 -DCMAKE_INSTALL_PREFIX=/home/ustaz/Documents/gradProject/install/bpwr
[0.535s] Invoking command in '/home/ustaz/Documents/gradProject/build/bpwr': CMAKE_PREFIX_PATH=/opt/ros/humble /usr/bin/cmake --build /home/ustaz/Documents/gradProject/build/bpwr -- -j12 -l12
[0.562s] Invoked command in '/home/ustaz/Documents/gradProject/build/bpwr' returned '0': CMAKE_PREFIX_PATH=/opt/ros/humble /usr/bin/cmake --build /home/ustaz/Documents/gradProject/build/bpwr -- -j12 -l12
[0.570s] Invoking command in '/home/ustaz/Documents/gradProject/build/bpwr': CMAKE_PREFIX_PATH=/opt/ros/humble /usr/bin/cmake --install /home/ustaz/Documents/gradProject/build/bpwr
[0.574s] -- Install configuration: ""
[0.574s] -- Execute custom install script
[0.574s] -- Symlinking: /home/ustaz/Documents/gradProject/install/bpwr/share/bpwr/config/empty.yaml
[0.580s] -- Symlinking: /home/ustaz/Documents/gradProject/install/bpwr/share/bpwr/description/robot.urdf.xacro
[0.586s] -- Symlinking: /home/ustaz/Documents/gradProject/install/bpwr/share/bpwr/launch/rsp.launch.py
[0.592s] -- Symlinking: /home/ustaz/Documents/gradProject/install/bpwr/share/bpwr/worlds/empty.world
[0.598s] -- Symlinking: /home/ustaz/Documents/gradProject/install/bpwr/share/ament_index/resource_index/package_run_dependencies/bpwr
[0.604s] -- Symlinking: /home/ustaz/Documents/gradProject/install/bpwr/share/ament_index/resource_index/parent_prefix_path/bpwr
[0.611s] -- Symlinking: /home/ustaz/Documents/gradProject/install/bpwr/share/bpwr/environment/ament_prefix_path.sh
[0.618s] -- Symlinking: /home/ustaz/Documents/gradProject/install/bpwr/share/bpwr/environment/ament_prefix_path.dsv
[0.626s] -- Symlinking: /home/ustaz/Documents/gradProject/install/bpwr/share/bpwr/environment/path.sh
[0.632s] -- Symlinking: /home/ustaz/Documents/gradProject/install/bpwr/share/bpwr/environment/path.dsv
[0.638s] -- Symlinking: /home/ustaz/Documents/gradProject/install/bpwr/share/bpwr/local_setup.bash
[0.645s] -- Symlinking: /home/ustaz/Documents/gradProject/install/bpwr/share/bpwr/local_setup.sh
[0.650s] -- Symlinking: /home/ustaz/Documents/gradProject/install/bpwr/share/bpwr/local_setup.zsh
[0.657s] -- Symlinking: /home/ustaz/Documents/gradProject/install/bpwr/share/bpwr/local_setup.dsv
[0.663s] -- Symlinking: /home/ustaz/Documents/gradProject/install/bpwr/share/bpwr/package.dsv
[0.668s] -- Symlinking: /home/ustaz/Documents/gradProject/install/bpwr/share/ament_index/resource_index/packages/bpwr
[0.674s] -- Symlinking: /home/ustaz/Documents/gradProject/install/bpwr/share/bpwr/cmake/bpwrConfig.cmake
[0.682s] -- Symlinking: /home/ustaz/Documents/gradProject/install/bpwr/share/bpwr/cmake/bpwrConfig-version.cmake
[0.688s] -- Symlinking: /home/ustaz/Documents/gradProject/install/bpwr/share/bpwr/package.xml
[0.696s] Invoked command in '/home/ustaz/Documents/gradProject/build/bpwr' returned '0': CMAKE_PREFIX_PATH=/opt/ros/humble /usr/bin/cmake --install /home/ustaz/Documents/gradProject/build/bpwr
